Arguments: 
  C:\Program Files\nodejs\node.exe C:\Program Files (x86)\Yarn\bin\yarn.js init -Y

PATH: 
  C:\Program Files (x86)\Common Files\Oracle\Java\javapath;C:\Program Files\Python36\Scripts\;C:\Program Files\Python36\;C:\ProgramData\Oracle\Java\javapath;C:\Program Files (x86)\Intel\Intel(R) Management Engine Components\iCLS\;C:\Program Files\Intel\Intel(R) Management Engine Components\iCLS\;C:\WINDOWS\system32;C:\WINDOWS;C:\WINDOWS\System32\Wbem;C:\WINDOWS\System32\WindowsPowerShell\v1.0\;C:\Program Files (x86)\Intel\Intel(R) Management Engine Components\DAL;C:\Program Files\Intel\Intel(R) Management Engine Components\DAL;C:\Program Files (x86)\Intel\Intel(R) Management Engine Components\IPT;C:\Program Files\Intel\Intel(R) Management Engine Components\IPT;C:\Program Files\Java\jre-10\bin;C:\WINDOWS\System32\OpenSSH\;%PYTHON3_SCRIPTS%;C:\Program Files\dotnet\;C:\Program Files\Microsoft SQL Server\130\Tools\Binn\;C:\Program Files\Git\cmd;C:\Users\kauas\AppData\Local\Programs\Python\Python36-32\;C:\Users\kauas\AppData\Local\Programs\Python\Python36-32\Scripts;C:\Program Files\Python36\Scripts;C:\Users\kauas\Desktop\release\bin;C:\ProgramData\chocolatey\bin;C:\Users\kauas\Documents\Src\flutter\bin;C:\Program Files\Java\jdk1.8.0_211\bin;C:\Users\kauas\AppData\Local\Android\Sdk\platform-tools;c:\Program Files (x86)\Microsoft SQL Server\110\Tools\Binn\;c:\Program Files\Microsoft SQL Server\110\Tools\Binn\;c:\Program Files\Microsoft SQL Server\110\DTS\Binn\;C:\Program Files (x86)\Yarn\bin\;C:\Users\kauas\AppData\Roaming\nvm;C:\Program Files\nodejs;C:\Program Files\nodejs\;C:\sqlite3;C:\Users\kauas\AppData\Local\Programs\Python\Python37-32\Scripts\;C:\Users\kauas\AppData\Local\Programs\Python\Python37-32\;C:\Users\kauas\AppData\Local\Programs\Microsoft VS Code\bin;C:\xampp\php;C:\Users\kauas\AppData\Local\Microsoft\WindowsApps;C:\Users\kauas\AppData\Local\GitHubDesktop\bin;C:\Users\kauas\AppData\Local\Yarn\bin;C:\Users\kauas\AppData\Roaming\nvm;C:\Program Files\nodejs;C:\Users\kauas\AppData\Roaming\npm

Yarn version: 
  1.19.2

Node version: 
  12.16.1

Platform: 
  win32 x64

Trace: 
  Error: canceled
      at Interface.<anonymous> (C:\Program Files (x86)\Yarn\lib\cli.js:136846:13)
      at Interface.emit (events.js:311:20)
      at Interface._ttyWrite (readline.js:893:16)
      at ReadStream.onkeypress (readline.js:198:10)
      at ReadStream.emit (events.js:311:20)
      at emitKeys (internal/readline/utils.js:438:14)
      at emitKeys.next (<anonymous>)
      at ReadStream.onData (readline.js:1160:36)
      at ReadStream.emit (events.js:311:20)
      at addChunk (_stream_readable.js:294:12)

npm manifest: 
  No manifest

yarn manifest: 
  No manifest

Lockfile: 
  No lockfile
